<?xml version="1.0" encoding="UTF-8"?>
<testsuite xmlns:xsi="http://www.w3.org/2001/XMLSchema-instance" xsi:noNamespaceSchemaLocation="https://maven.apache.org/surefire/maven-surefire-plugin/xsd/surefire-test-report-3.0.xsd" version="3.0" name="LoginTest" time="1.458" tests="21" errors="0" skipped="0" failures="0">
  <properties>
[...]
</properties>
  <testcase name="testRegisterUserBadUsername" classname="LoginTest" time="0.599"/>
  <testcase name="testUsernameNoUnderscore" classname="LoginTest" time="0.013"/>
  <testcase name="testPasswordDoesNotMeetComplexity" classname="LoginTest" time="0.011"/>
  <testcase name="testPasswordTooShort" classname="LoginTest" time="0.01"/>
  <testcase name="testPasswordNoCapital" classname="LoginTest" time="0.048"/>
  <testcase name="testPasswordNoSpecialChar" classname="LoginTest" time="0.0"/>
  <testcase name="testCellPhoneIncorrectlyFormatted" classname="LoginTest" time="0.023"/>
  <testcase name="testUsernameTooLong" classname="LoginTest" time="0.0"/>
  <testcase name="testCellPhoneNoPlus" classname="LoginTest" time="0.019"/>
  <testcase name="testUsernameIncorrectlyFormatted" classname="LoginTest" time="0.028"/>
  <testcase name="testRegisterUserSuccess" classname="LoginTest" time="0.009"/>
  <testcase name="testRegisterUserBadPassword" classname="LoginTest" time="0.042"/>
  <testcase name="testPasswordMeetsComplexity" classname="LoginTest" time="0.01"/>
  <testcase name="testReturnLoginStatusSuccess" classname="LoginTest" time="0.085"/>
  <testcase name="testLoginFailed" classname="LoginTest" time="0.011"/>
  <testcase name="testPasswordNoNumber" classname="LoginTest" time="0.0"/>
  <testcase name="testCellPhoneCorrectlyFormatted" classname="LoginTest" time="0.008"/>
  <testcase name="testRegisterUserBadCell" classname="LoginTest" time="0.011"/>
  <testcase name="testLoginSuccessful" classname="LoginTest" time="0.008"/>
  <testcase name="testReturnLoginStatusFailed" classname="LoginTest" time="0.006"/>
  <testcase name="testUsernameCorrectlyFormatted" classname="LoginTest" time="0.0"/>
</testsuite>